<?xml version="1.0" encoding="UTF-8"?>
<!-- Generated by org.testng.reporters.JUnitReportReporter -->
<testsuite skipped="0" hostname="ATW7004" name="finalpack.finaltest" tests="1" failures="0" timestamp="22 Dec 2018 10:37:34 GMT" time="6.041" errors="0">
  <testcase name="OnlyCorrectUNPW" time="6.041" classname="finalpack.finaltest"/>
</testsuite> <!-- finalpack.finaltest -->
